# JRE version: OpenJDK Runtime Environment Corretto-16.0.2.7.1 (16.0.2+7) (build 16.0.2+7)
# Java VM: OpenJDK 64-Bit Server VM Corretto-16.0.2.7.1 (16.0.2+7, mixed mode, sharing, tiered, compressed oops, compressed class ptrs, g1 gc, windows-amd64)
GC Precious Log:
 CPUs: 2 total, 2 available
 Memory: 6093M
 Large Page Support: Disabled
 NUMA Support: Disabled
 Compressed Oops: Enabled (32-bit)
 Heap Region Size: 1M
 Heap Min Capacity: 8M
 Heap Initial Capacity: 96M
 Heap Max Capacity: 1524M
 Pre-touch: Disabled
 Parallel Workers: 2
 Concurrent Workers: 1
 Concurrent Refinement Workers: 2
 Periodic GC: Disabled
Heap:
 garbage-first heap   total 55296K, used 39431K [0x00000000a0c00000, 0x0000000100000000)
  region size 1024K, 21 young (21504K), 1 survivors (1024K)
 Metaspace       used 39765K, committed 40000K, reserved 1089536K
  class space    used 4838K, committed 4928K, reserved 1048576K
GC Heap History (16 events):
Event: 0.276 GC heap before
{Heap before GC invocations=0 (full 0):
 garbage-first heap   total 98304K, used 8192K [0x00000000a0c00000, 0x0000000100000000)
  region size 1024K, 6 young (6144K), 0 survivors (0K)
 Metaspace       used 1677K, committed 1792K, reserved 1056768K
  class space    used 135K, committed 192K, reserved 1048576K
}
Event: 0.278 GC heap after
{Heap after GC invocations=1 (full 0):
 garbage-first heap   total 98304K, used 4701K [0x00000000a0c00000, 0x0000000100000000)
  region size 1024K, 1 young (1024K), 1 survivors (1024K)
 Metaspace       used 1677K, committed 1792K, reserved 1056768K
  class space    used 135K, committed 192K, reserved 1048576K
}
Event: 0.395 GC heap before
{Heap before GC invocations=1 (full 0):
 garbage-first heap   total 98304K, used 9821K [0x00000000a0c00000, 0x0000000100000000)
  region size 1024K, 6 young (6144K), 1 survivors (1024K)
 Metaspace       used 3474K, committed 3648K, reserved 1056768K
  class space    used 254K, committed 320K, reserved 1048576K
}
Event: 0.397 GC heap after
{Heap after GC invocations=2 (full 0):
 garbage-first heap   total 98304K, used 5096K [0x00000000a0c00000, 0x0000000100000000)
  region size 1024K, 1 young (1024K), 1 survivors (1024K)
 Metaspace       used 3474K, committed 3648K, reserved 1056768K
  class space    used 254K, committed 320K, reserved 1048576K
}
Event: 0.681 GC heap before
{Heap before GC invocations=2 (full 0):
 garbage-first heap   total 98304K, used 18408K [0x00000000a0c00000, 0x0000000100000000)
  region size 1024K, 14 young (14336K), 1 survivors (1024K)
 Metaspace       used 6896K, committed 7040K, reserved 1064960K
  class space    used 676K, committed 768K, reserved 1048576K
}
Event: 0.684 GC heap after
{Heap after GC invocations=3 (full 0):
 garbage-first heap   total 98304K, used 6039K [0x00000000a0c00000, 0x0000000100000000)
  region size 1024K, 2 young (2048K), 2 survivors (2048K)
 Metaspace       used 6896K, committed 7040K, reserved 1064960K
  class space    used 676K, committed 768K, reserved 1048576K
}
Event: 3.134 GC heap before
{Heap before GC invocations=3 (full 0):
 garbage-first heap   total 98304K, used 65431K [0x00000000a0c00000, 0x0000000100000000)
  region size 1024K, 57 young (58368K), 2 survivors (2048K)
 Metaspace       used 20260K, committed 20544K, reserved 1073152K
  class space    used 2256K, committed 2368K, reserved 1048576K
}
Event: 3.147 GC heap after
{Heap after GC invocations=4 (full 0):
 garbage-first heap   total 98304K, used 14370K [0x00000000a0c00000, 0x0000000100000000)
  region size 1024K, 7 young (7168K), 7 survivors (7168K)
 Metaspace       used 20260K, committed 20544K, reserved 1073152K
  class space    used 2256K, committed 2368K, reserved 1048576K
}
Event: 3.280 GC heap before
{Heap before GC invocations=4 (full 0):
 garbage-first heap   total 98304K, used 16418K [0x00000000a0c00000, 0x0000000100000000)
  region size 1024K, 10 young (10240K), 7 survivors (7168K)
 Metaspace       used 21012K, committed 21248K, reserved 1073152K
  class space    used 2376K, committed 2496K, reserved 1048576K
}
Event: 3.291 GC heap after
{Heap after GC invocations=5 (full 0):
 garbage-first heap   total 98304K, used 15284K [0x00000000a0c00000, 0x0000000100000000)
  region size 1024K, 1 young (1024K), 1 survivors (1024K)
 Metaspace       used 21012K, committed 21248K, reserved 1073152K
  class space    used 2376K, committed 2496K, reserved 1048576K
}
Event: 4.194 GC heap before
{Heap before GC invocations=6 (full 0):
 garbage-first heap   total 55296K, used 47028K [0x00000000a0c00000, 0x0000000100000000)
  region size 1024K, 32 young (32768K), 1 survivors (1024K)
 Metaspace       used 28255K, committed 28544K, reserved 1081344K
  class space    used 3652K, committed 3776K, reserved 1048576K
}
Event: 4.199 GC heap after
{Heap after GC invocations=7 (full 0):
 garbage-first heap   total 55296K, used 16630K [0x00000000a0c00000, 0x0000000100000000)
  region size 1024K, 3 young (3072K), 3 survivors (3072K)
 Metaspace       used 28255K, committed 28544K, reserved 1081344K
  class space    used 3652K, committed 3776K, reserved 1048576K
}
Event: 5.136 GC heap before
{Heap before GC invocations=7 (full 0):
 garbage-first heap   total 55296K, used 40182K [0x00000000a0c00000, 0x0000000100000000)
  region size 1024K, 27 young (27648K), 3 survivors (3072K)
 Metaspace       used 33069K, committed 33344K, reserved 1081344K
  class space    used 4085K, committed 4224K, reserved 1048576K
}
Event: 5.144 GC heap after
{Heap after GC invocations=8 (full 0):
 garbage-first heap   total 55296K, used 19242K [0x00000000a0c00000, 0x0000000100000000)
  region size 1024K, 4 young (4096K), 4 survivors (4096K)
 Metaspace       used 33069K, committed 33344K, reserved 1081344K
  class space    used 4085K, committed 4224K, reserved 1048576K
}
Event: 5.412 GC heap before
{Heap before GC invocations=8 (full 0):
 garbage-first heap   total 55296K, used 28458K [0x00000000a0c00000, 0x0000000100000000)
  region size 1024K, 14 young (14336K), 4 survivors (4096K)
 Metaspace       used 35243K, committed 35520K, reserved 1081344K
  class space    used 4327K, committed 4480K, reserved 1048576K
}
Event: 5.419 GC heap after
{Heap after GC invocations=9 (full 0):
 garbage-first heap   total 55296K, used 19975K [0x00000000a0c00000, 0x0000000100000000)
  region size 1024K, 1 young (1024K), 1 survivors (1024K)
 Metaspace       used 35243K, committed 35520K, reserved 1081344K
  class space    used 4327K, committed 4480K, reserved 1048576K
}

